# JRE version: OpenJDK Runtime Environment Corretto-11.0.24.8.1 (11.0.24+8) (build 11.0.24+8-LTS)
# Java VM: OpenJDK 64-Bit Server VM Corretto-11.0.24.8.1 (11.0.24+8-LTS, mixed mode, tiered, compressed oops, g1 gc, windows-amd64)
Heap:
 garbage-first heap   total 262144K, used 131087K [0x00000000e0000000, 0x0000000100000000)
  region size 1024K, 68 young (69632K), 10 survivors (10240K)
 Metaspace       used 42633K, capacity 43635K, committed 43984K, reserved 1087488K
  class space    used 4657K, capacity 5055K, committed 5152K, reserved 1048576K
GC Heap History (12 events):
Event: 0.530 GC heap before
{Heap before GC invocations=0 (full 0):
 garbage-first heap   total 262144K, used 22528K [0x00000000e0000000, 0x0000000100000000)
  region size 1024K, 22 young (22528K), 0 survivors (0K)
 Metaspace       used 10362K, capacity 10533K, committed 10752K, reserved 1058816K
  class space    used 953K, capacity 1022K, committed 1024K, reserved 1048576K
}
Event: 0.554 GC heap after
{Heap after GC invocations=1 (full 0):
 garbage-first heap   total 262144K, used 5375K [0x00000000e0000000, 0x0000000100000000)
  region size 1024K, 3 young (3072K), 3 survivors (3072K)
 Metaspace       used 10362K, capacity 10533K, committed 10752K, reserved 1058816K
  class space    used 953K, capacity 1022K, committed 1024K, reserved 1048576K
}
Event: 1.781 GC heap before
{Heap before GC invocations=1 (full 0):
 garbage-first heap   total 262144K, used 96511K [0x00000000e0000000, 0x0000000100000000)
  region size 1024K, 93 young (95232K), 3 survivors (3072K)
 Metaspace       used 20936K, capacity 21227K, committed 21296K, reserved 1069056K
  class space    used 2065K, capacity 2174K, committed 2176K, reserved 1048576K
}
Event: 1.789 GC heap after
{Heap after GC invocations=2 (full 0):
 garbage-first heap   total 262144K, used 17808K [0x00000000e0000000, 0x0000000100000000)
  region size 1024K, 16 young (16384K), 16 survivors (16384K)
 Metaspace       used 20936K, capacity 21227K, committed 21296K, reserved 1069056K
  class space    used 2065K, capacity 2174K, committed 2176K, reserved 1048576K
}
Event: 2.017 GC heap before
{Heap before GC invocations=3 (full 0):
 garbage-first heap   total 262144K, used 53648K [0x00000000e0000000, 0x0000000100000000)
  region size 1024K, 51 young (52224K), 16 survivors (16384K)
 Metaspace       used 22780K, capacity 23115K, committed 23344K, reserved 1071104K
  class space    used 2237K, capacity 2334K, committed 2432K, reserved 1048576K
}
Event: 2.025 GC heap after
{Heap after GC invocations=4 (full 0):
 garbage-first heap   total 262144K, used 21028K [0x00000000e0000000, 0x0000000100000000)
  region size 1024K, 4 young (4096K), 4 survivors (4096K)
 Metaspace       used 22780K, capacity 23115K, committed 23344K, reserved 1071104K
  class space    used 2237K, capacity 2334K, committed 2432K, reserved 1048576K
}
Event: 2.616 GC heap before
{Heap before GC invocations=4 (full 0):
 garbage-first heap   total 262144K, used 123428K [0x00000000e0000000, 0x0000000100000000)
  region size 1024K, 104 young (106496K), 4 survivors (4096K)
 Metaspace       used 26945K, capacity 27437K, committed 27696K, reserved 1075200K
  class space    used 2757K, capacity 2908K, committed 2944K, reserved 1048576K
}
Event: 2.621 GC heap after
{Heap after GC invocations=5 (full 0):
 garbage-first heap   total 262144K, used 28275K [0x00000000e0000000, 0x0000000100000000)
  region size 1024K, 11 young (11264K), 11 survivors (11264K)
 Metaspace       used 26945K, capacity 27437K, committed 27696K, reserved 1075200K
  class space    used 2757K, capacity 2908K, committed 2944K, reserved 1048576K
}
Event: 3.469 GC heap before
{Heap before GC invocations=5 (full 0):
 garbage-first heap   total 262144K, used 162419K [0x00000000e0000000, 0x0000000100000000)
  region size 1024K, 143 young (146432K), 11 survivors (11264K)
 Metaspace       used 35098K, capacity 35726K, committed 35920K, reserved 1081344K
  class space    used 3723K, capacity 3971K, committed 4000K, reserved 1048576K
}
Event: 3.482 GC heap after
{Heap after GC invocations=6 (full 0):
 garbage-first heap   total 262144K, used 38715K [0x00000000e0000000, 0x0000000100000000)
  region size 1024K, 20 young (20480K), 20 survivors (20480K)
 Metaspace       used 35098K, capacity 35726K, committed 35920K, reserved 1081344K
  class space    used 3723K, capacity 3971K, committed 4000K, reserved 1048576K
}
Event: 6.542 GC heap before
{Heap before GC invocations=7 (full 0):
 garbage-first heap   total 262144K, used 180027K [0x00000000e0000000, 0x0000000100000000)
  region size 1024K, 153 young (156672K), 20 survivors (20480K)
 Metaspace       used 40736K, capacity 41637K, committed 41936K, reserved 1087488K
  class space    used 4491K, capacity 4832K, committed 4896K, reserved 1048576K
}
Event: 6.558 GC heap after
{Heap after GC invocations=8 (full 0):
 garbage-first heap   total 262144K, used 53263K [0x00000000e0000000, 0x0000000100000000)
  region size 1024K, 10 young (10240K), 10 survivors (10240K)
 Metaspace       used 40736K, capacity 41637K, committed 41936K, reserved 1087488K
  class space    used 4491K, capacity 4832K, committed 4896K, reserved 1048576K
}

